<?xml version="1.0" encoding="UTF-8"?>
<!-- Generated by org.testng.reporters.JUnitXMLReporter -->
<testsuite hostname="MCKINLEY-QA5" ignored="0" name="test1" tests="1" failures="1" timestamp="11 Jun 2018 09:44:17 GMT" time="7.093" errors="0">
  <testcase name="@AfterMethod afterMethod" time="0.0" classname="testPackage.TestNGClass">
    <failure type="java.lang.NullPointerException">
      <![CDATA[java.lang.NullPointerException
	at testPackage.TestNGClass.afterMethod(TestNGClass.java:76)
... Removed 27 stack frames]]>
    </failure>
  </testcase> <!-- @AfterMethod afterMethod -->
  <testcase name="f" time="0.01" classname="testPackage.TestNGClass">
    <failure type="java.lang.NullPointerException">
      <![CDATA[java.lang.NullPointerException
	at testPackage.TestNGClass.f(TestNGClass.java:23)
... Removed 25 stack frames]]>
    </failure>
  </testcase> <!-- f -->
</testsuite> <!-- test1 -->
